#
# A fatal error has been detected by the Java Runtime Environment:
#
#  EXCEPTION_ACCESS_VIOLATION (0xc0000005) at pc=0x0000000000000000, pid=3108, tid=0x0000000000000674
#
# JRE version: Java(TM) SE Runtime Environment (8.0_112-b15) (build 1.8.0_112-b15)
# Java VM: Java HotSpot(TM) 64-Bit Server VM (25.112-b15 mixed mode windows-amd64 compressed oops)
# Problematic frame:
# C  0x0000000000000000
#
# Failed to write core dump. Minidumps are not enabled by default on client versions of Windows
#
# If you would like to submit a bug report, please visit:
#   http://bugreport.java.com/bugreport/crash.jsp
# The crash happened outside the Java Virtual Machine in native code.
# See problematic frame for where to report the bug.
#

---------------  T H R E A D  ---------------

Current thread (0x00000000028b0800):  JavaThread "main" [_thread_in_native, id=1652, stack(0x0000000002780000,0x0000000002880000)]

siginfo: ExceptionCode=0xc0000005, ExceptionInformation=0x0000000000000008 0x0000000000000000

Registers:
RAX=0x0000000180004fd0, RBX=0x000000001bcf9590, RCX=0x0000000000000001, RDX=0x000000000287f638
RSP=0x000000000287f5e8, RBP=0x000000000287f688, RSI=0x0000000000000002, RDI=0x00000000f800e796
R8 =0x0000000000000001, R9 =0x0000000002777ac0, R10=0x00000000029c7f48, R11=0x00000000760fb530
R12=0x0000000000000000, R13=0x000000001bcf9590, R14=0x000000000287f6a8, R15=0x00000000028b0800
RIP=0x0000000000000000, EFLAGS=0x0000000000010206

Top of Stack: (sp=0x000000000287f5e8)
0x000000000287f5e8:   0000000180004fe2 000000000287fa00
0x000000000287f5f8:   00000000028b0800 000000001bcf9590
0x000000000287f608:   0000000000000002 00000000f800e796
0x000000000287f618:   00000000029c7f74 00000000028b0800
0x000000000287f628:   000000001bcf9590 0000000000000002
0x000000000287f638:   00000000028b0800 00000000029c7ca2
0x000000000287f648:   000000000287f648 000000001bcf9590
0x000000000287f658:   000000000287f6a8 000000001bcfa898
0x000000000287f668:   0000000000000000 000000001bcf9590
0x000000000287f678:   0000000000000000 000000000287f6a8
0x000000000287f688:   000000000287f6f0 00000000029b7da0
0x000000000287f698:   00000007705bfa78 00000000029c19d6
0x000000000287f6a8:   0000000000000001 000000000287f6b0
0x000000000287f6b8:   000000001bcf94e9 000000000287f700
0x000000000287f6c8:   000000001bcfa898 0000000000000000
0x000000000287f6d8:   000000001bcf9508 000000000287f6a8 

Instructions: (pc=0x0000000000000000)
0xffffffffffffffe0:   


Register to memory mapping:

RAX=0x0000000180004fd0 is an unknown value
RBX={method} {0x000000001bcf9598} 'nalGenBuffers2' '(I)I' in 'org/lwjgl/openal/AL10'
RCX=0x0000000000000001 is an unknown value
RDX=0x000000000287f638 is pointing into the stack for thread: 0x00000000028b0800
RSP=0x000000000287f5e8 is pointing into the stack for thread: 0x00000000028b0800
RBP=0x000000000287f688 is pointing into the stack for thread: 0x00000000028b0800
RSI=0x0000000000000002 is an unknown value
RDI=0x00000000f800e796 is an unknown value
R8 =0x0000000000000001 is an unknown value
R9 =0x0000000002777ac0 is an unknown value
R10=0x00000000029c7f48 is at code_begin+840 in an Interpreter codelet
method entry point (kind = native)  [0x00000000029c7c00, 0x00000000029c8560]  2400 bytes
R11=0x00000000760fb530 is an unknown value
R12=0x0000000000000000 is an unknown value
R13={method} {0x000000001bcf9598} 'nalGenBuffers2' '(I)I' in 'org/lwjgl/openal/AL10'
R14=0x000000000287f6a8 is pointing into the stack for thread: 0x00000000028b0800
R15=0x00000000028b0800 is a thread


Stack: [0x0000000002780000,0x0000000002880000],  sp=0x000000000287f5e8,  free space=1021k
Native frames: (J=compiled Java code, j=interpreted, Vv=VM code, C=native code)

Java frames: (J=compiled Java code, j=interpreted, Vv=VM code)
j  org.lwjgl.openal.AL10.nalGenBuffers2(I)I+0
j  org.lwjgl.openal.AL10.alGenBuffers()I+1
j  org.AoT.Sound.SoundMaster.loadSound(Ljava/lang/String;)I+0
j  org.AoT.Start.AoT.run()V+32
j  org.AoT.Start.AoT_Launcher.main([Ljava/lang/String;)V+13
v  ~StubRoutines::call_stub

---------------  P R O C E S S  ---------------

Java Threads: ( => current thread )
  0x0000000023eea800 JavaThread "Java2D Disposer" daemon [_thread_blocked, id=7728, stack(0x0000000024f80000,0x0000000025080000)]
  0x000000001d930800 JavaThread "Service Thread" daemon [_thread_blocked, id=3000, stack(0x000000001dd10000,0x000000001de10000)]
  0x000000001bfc7800 JavaThread "C1 CompilerThread2" daemon [_thread_blocked, id=5656, stack(0x000000001d810000,0x000000001d910000)]
  0x000000001bfc0800 JavaThread "C2 CompilerThread1" daemon [_thread_in_vm, id=5020, stack(0x000000001d710000,0x000000001d810000)]
  0x000000001bfbe800 JavaThread "C2 CompilerThread0" daemon [_thread_in_native, id=8924, stack(0x000000001d610000,0x000000001d710000)]
  0x000000001bfbb800 JavaThread "Attach Listener" daemon [_thread_blocked, id=6440, stack(0x000000001d510000,0x000000001d610000)]
  0x000000001bfba000 JavaThread "Signal Dispatcher" daemon [_thread_blocked, id=3048, stack(0x000000001d410000,0x000000001d510000)]
  0x000000001bfaa800 JavaThread "Finalizer" daemon [_thread_blocked, id=8292, stack(0x000000001d210000,0x000000001d310000)]
  0x000000000299f000 JavaThread "Reference Handler" daemon [_thread_blocked, id=6760, stack(0x000000001d110000,0x000000001d210000)]
=>0x00000000028b0800 JavaThread "main" [_thread_in_native, id=1652, stack(0x0000000002780000,0x0000000002880000)]

Other Threads:
  0x000000001bf88000 VMThread [stack: 0x000000001d010000,0x000000001d110000] [id=200]
  0x000000001d952000 WatcherThread [stack: 0x000000001de10000,0x000000001df10000] [id=1464]

VM state:not at safepoint (normal execution)

VM Mutex/Monitor currently owned by a thread: None

Heap:
 PSYoungGen      total 267264K, used 97313K [0x000000076b500000, 0x000000077d300000, 0x00000007c0000000)
  eden space 257024K, 33% used [0x000000076b500000,0x0000000770a0b6e8,0x000000077b000000)
  from space 10240K, 99% used [0x000000077bf00000,0x000000077c8fce48,0x000000077c900000)
  to   space 15360K, 0% used [0x000000077b000000,0x000000077b000000,0x000000077bf00000)
 ParOldGen       total 175104K, used 36928K [0x00000006c1e00000, 0x00000006cc900000, 0x000000076b500000)
  object space 175104K, 21% used [0x00000006c1e00000,0x00000006c4210090,0x00000006cc900000)
 Metaspace       used 7795K, capacity 7901K, committed 8064K, reserved 1056768K
  class space    used 802K, capacity 857K, committed 896K, reserved 1048576K

Card table byte_map: [0x0000000011d70000,0x0000000012570000] byte_map_base: 0x000000000e761000

Marking Bits: (ParMarkBitMap*) 0x00000000766ea6d0
 Begin Bits: [0x0000000012ec0000, 0x0000000016e48000)
 End Bits:   [0x0000000016e48000, 0x000000001add0000)

Polling page: 0x0000000002880000

CodeCache: size=245760Kb used=3436Kb max_used=3436Kb free=242323Kb
 bounds [0x00000000029b0000, 0x0000000002d10000, 0x00000000119b0000]
 total_blobs=1338 nmethods=880 adapters=371
 compilation: enabled

Compilation events (10 events):
Event: 3.178 Thread 0x000000001bfc7800  876       3       sun.misc.FDBigInteger::leftInplaceSub (335 bytes)
Event: 3.179 Thread 0x000000001bfc7800 nmethod 876 0x0000000002d05750 code [0x0000000002d05980, 0x0000000002d06698]
Event: 3.179 Thread 0x000000001bfc0800 nmethod 874 0x0000000002d09cd0 code [0x0000000002d09e20, 0x0000000002d09f78]
Event: 3.179 Thread 0x000000001bfc0800  877       4       sun.misc.FDBigInteger::leftShift (395 bytes)
Event: 3.179 Thread 0x000000001bfc7800  878       3       com.Engine.Util.Vectors.Vector3f::set (25 bytes)
Event: 3.179 Thread 0x000000001bfc7800 nmethod 878 0x0000000002d09950 code [0x0000000002d09aa0, 0x0000000002d09c10]
Event: 3.181 Thread 0x000000001bfc7800  880       3       com.Engine.PhysicsEngine.Detection.Triangle::equals (176 bytes)
Event: 3.182 Thread 0x000000001bfc7800 nmethod 880 0x0000000002d08990 code [0x0000000002d08ba0, 0x0000000002d096f8]
Event: 3.182 Thread 0x000000001bfc7800  882       3       com.Engine.PhysicsEngine.Detection.Octree$Node::removeParentChildDuplicuts (58 bytes)
Event: 3.183 Thread 0x000000001bfc7800 nmethod 882 0x0000000002d07f90 code [0x0000000002d08140, 0x0000000002d08668]

GC Heap History (10 events):
Event: 2.262 GC heap before
{Heap before GC invocations=2 (full 0):
 PSYoungGen      total 76288K, used 75524K [0x000000076b500000, 0x0000000770a00000, 0x00000007c0000000)
  eden space 65536K, 100% used [0x000000076b500000,0x000000076f500000,0x000000076f500000)
  from space 10752K, 92% used [0x000000076f500000,0x000000076fec10b8,0x000000076ff80000)
  to   space 10752K, 0% used [0x000000076ff80000,0x000000076ff80000,0x0000000770a00000)
 ParOldGen       total 175104K, used 4112K [0x00000006c1e00000, 0x00000006cc900000, 0x000000076b500000)
  object space 175104K, 2% used [0x00000006c1e00000,0x00000006c2204010,0x00000006cc900000)
 Metaspace       used 7648K, capacity 7773K, committed 8064K, reserved 1056768K
  class space    used 792K, capacity 857K, committed 896K, reserved 1048576K
Event: 2.266 GC heap after
Heap after GC invocations=2 (full 0):
 PSYoungGen      total 76288K, used 9408K [0x000000076b500000, 0x0000000774a00000, 0x00000007c0000000)
  eden space 65536K, 0% used [0x000000076b500000,0x000000076b500000,0x000000076f500000)
  from space 10752K, 87% used [0x000000076ff80000,0x00000007708b0040,0x0000000770a00000)
  to   space 10752K, 0% used [0x000000076f500000,0x000000076f500000,0x000000076ff80000)
 ParOldGen       total 175104K, used 8216K [0x00000006c1e00000, 0x00000006cc900000, 0x000000076b500000)
  object space 175104K, 4% used [0x00000006c1e00000,0x00000006c2606020,0x00000006cc900000)
 Metaspace       used 7648K, capacity 7773K, committed 8064K, reserved 1056768K
  class space    used 792K, capacity 857K, committed 896K, reserved 1048576K
}
Event: 2.342 GC heap before
{Heap before GC invocations=3 (full 0):
 PSYoungGen      total 76288K, used 74944K [0x000000076b500000, 0x0000000774a00000, 0x00000007c0000000)
  eden space 65536K, 100% used [0x000000076b500000,0x000000076f500000,0x000000076f500000)
  from space 10752K, 87% used [0x000000076ff80000,0x00000007708b0040,0x0000000770a00000)
  to   space 10752K, 0% used [0x000000076f500000,0x000000076f500000,0x000000076ff80000)
 ParOldGen       total 175104K, used 8216K [0x00000006c1e00000, 0x00000006cc900000, 0x000000076b500000)
  object space 175104K, 4% used [0x00000006c1e00000,0x00000006c2606020,0x00000006cc900000)
 Metaspace       used 7648K, capacity 7773K, committed 8064K, reserved 1056768K
  class space    used 792K, capacity 857K, committed 896K, reserved 1048576K
Event: 2.346 GC heap after
Heap after GC invocations=3 (full 0):
 PSYoungGen      total 76288K, used 9411K [0x000000076b500000, 0x0000000774a00000, 0x00000007c0000000)
  eden space 65536K, 0% used [0x000000076b500000,0x000000076b500000,0x000000076f500000)
  from space 10752K, 87% used [0x000000076f500000,0x000000076fe30e58,0x000000076ff80000)
  to   space 10752K, 0% used [0x0000000773f80000,0x0000000773f80000,0x0000000774a00000)
 ParOldGen       total 175104K, used 12320K [0x00000006c1e00000, 0x00000006cc900000, 0x000000076b500000)
  object space 175104K, 7% used [0x00000006c1e00000,0x00000006c2a08030,0x00000006cc900000)
 Metaspace       used 7648K, capacity 7773K, committed 8064K, reserved 1056768K
  class space    used 792K, capacity 857K, committed 896K, reserved 1048576K
}
Event: 2.490 GC heap before
{Heap before GC invocations=4 (full 0):
 PSYoungGen      total 76288K, used 74947K [0x000000076b500000, 0x0000000774a00000, 0x00000007c0000000)
  eden space 65536K, 100% used [0x000000076b500000,0x000000076f500000,0x000000076f500000)
  from space 10752K, 87% used [0x000000076f500000,0x000000076fe30e58,0x000000076ff80000)
  to   space 10752K, 0% used [0x0000000773f80000,0x0000000773f80000,0x0000000774a00000)
 ParOldGen       total 175104K, used 12320K [0x00000006c1e00000, 0x00000006cc900000, 0x000000076b500000)
  object space 175104K, 7% used [0x00000006c1e00000,0x00000006c2a08030,0x00000006cc900000)
 Metaspace       used 7693K, capacity 7837K, committed 8064K, reserved 1056768K
  class space    used 797K, capacity 857K, committed 896K, reserved 1048576K
Event: 2.497 GC heap after
Heap after GC invocations=4 (full 0):
 PSYoungGen      total 141824K, used 9456K [0x000000076b500000, 0x0000000774a00000, 0x00000007c0000000)
  eden space 131072K, 0% used [0x000000076b500000,0x000000076b500000,0x0000000773500000)
  from space 10752K, 87% used [0x0000000773f80000,0x00000007748bc030,0x0000000774a00000)
  to   space 10752K, 0% used [0x0000000773500000,0x0000000773500000,0x0000000773f80000)
 ParOldGen       total 175104K, used 24608K [0x00000006c1e00000, 0x00000006cc900000, 0x000000076b500000)
  object space 175104K, 14% used [0x00000006c1e00000,0x00000006c3608060,0x00000006cc900000)
 Metaspace       used 7693K, capacity 7837K, committed 8064K, reserved 1056768K
  class space    used 797K, capacity 857K, committed 896K, reserved 1048576K
}
Event: 2.671 GC heap before
{Heap before GC invocations=5 (full 0):
 PSYoungGen      total 141824K, used 140528K [0x000000076b500000, 0x0000000774a00000, 0x00000007c0000000)
  eden space 131072K, 100% used [0x000000076b500000,0x0000000773500000,0x0000000773500000)
  from space 10752K, 87% used [0x0000000773f80000,0x00000007748bc030,0x0000000774a00000)
  to   space 10752K, 0% used [0x0000000773500000,0x0000000773500000,0x0000000773f80000)
 ParOldGen       total 175104K, used 24608K [0x00000006c1e00000, 0x00000006cc900000, 0x000000076b500000)
  object space 175104K, 14% used [0x00000006c1e00000,0x00000006c3608060,0x00000006cc900000)
 Metaspace       used 7694K, capacity 7837K, committed 8064K, reserved 1056768K
  class space    used 797K, capacity 857K, committed 896K, reserved 1048576K
Event: 2.676 GC heap after
Heap after GC invocations=5 (full 0):
 PSYoungGen      total 141824K, used 9411K [0x000000076b500000, 0x000000077c900000, 0x00000007c0000000)
  eden space 131072K, 0% used [0x000000076b500000,0x000000076b500000,0x0000000773500000)
  from space 10752K, 87% used [0x0000000773500000,0x0000000773e30e58,0x0000000773f80000)
  to   space 10240K, 0% used [0x000000077bf00000,0x000000077bf00000,0x000000077c900000)
 ParOldGen       total 175104K, used 28712K [0x00000006c1e00000, 0x00000006cc900000, 0x000000076b500000)
  object space 175104K, 16% used [0x00000006c1e00000,0x00000006c3a0a070,0x00000006cc900000)
 Metaspace       used 7694K, capacity 7837K, committed 8064K, reserved 1056768K
  class space    used 797K, capacity 857K, committed 896K, reserved 1048576K
}
Event: 3.050 GC heap before
{Heap before GC invocations=6 (full 0):
 PSYoungGen      total 141824K, used 140483K [0x000000076b500000, 0x000000077c900000, 0x00000007c0000000)
  eden space 131072K, 100% used [0x000000076b500000,0x0000000773500000,0x0000000773500000)
  from space 10752K, 87% used [0x0000000773500000,0x0000000773e30e58,0x0000000773f80000)
  to   space 10240K, 0% used [0x000000077bf00000,0x000000077bf00000,0x000000077c900000)
 ParOldGen       total 175104K, used 28712K [0x00000006c1e00000, 0x00000006cc900000, 0x000000076b500000)
  object space 175104K, 16% used [0x00000006c1e00000,0x00000006c3a0a070,0x00000006cc900000)
 Metaspace       used 7750K, capacity 7901K, committed 8064K, reserved 1056768K
  class space    used 801K, capacity 857K, committed 896K, reserved 1048576K
Event: 3.057 GC heap after
Heap after GC invocations=6 (full 0):
 PSYoungGen      total 267264K, used 10227K [0x000000076b500000, 0x000000077d300000, 0x00000007c0000000)
  eden space 257024K, 0% used [0x000000076b500000,0x000000076b500000,0x000000077b000000)
  from space 10240K, 99% used [0x000000077bf00000,0x000000077c8fce48,0x000000077c900000)
  to   space 15360K, 0% used [0x000000077b000000,0x000000077b000000,0x000000077bf00000)
 ParOldGen       total 175104K, used 36928K [0x00000006c1e00000, 0x00000006cc900000, 0x000000076b500000)
  object space 175104K, 21% used [0x00000006c1e00000,0x00000006c4210090,0x00000006cc900000)
 Metaspace       used 7750K, capacity 7901K, committed 8064K, reserved 1056768K
  class space    used 801K, capacity 857K, committed 896K, reserved 1048576K
}

Deoptimization events (10 events):
Event: 2.365 Thread 0x00000000028b0800 Uncommon trap: reason=unloaded action=reinterpret pc=0x0000000002c7a338 method=com.Engine.RenderEngine.Textures.Texture2D.<init>(Ljava/awt/image/BufferedImage;)V @ 125
Event: 2.384 Thread 0x00000000028b0800 Uncommon trap: reason=unstable_if action=reinterpret pc=0x0000000002c7f294 method=com.sun.imageio.plugins.png.PNGImageReader.paethPredictor(III)I @ 41
Event: 2.680 Thread 0x00000000028b0800 Uncommon trap: reason=unstable_if action=reinterpret pc=0x0000000002c89d14 method=com.Engine.RenderEngine.Textures.Texture2D.<init>(Ljava/awt/image/BufferedImage;)V @ 79
Event: 2.706 Thread 0x00000000028b0800 Uncommon trap: reason=unstable_if action=reinterpret pc=0x0000000002c079b0 method=java.util.HashMap.putVal(ILjava/lang/Object;Ljava/lang/Object;ZZ)Ljava/lang/Object; @ 94
Event: 2.706 Thread 0x00000000028b0800 Uncommon trap: reason=unstable_if action=reinterpret pc=0x0000000002c0d094 method=java.util.HashMap.putVal(ILjava/lang/Object;Ljava/lang/Object;ZZ)Ljava/lang/Object; @ 94
Event: 2.742 Thread 0x00000000028b0800 Uncommon trap: reason=unstable_if action=reinterpret pc=0x0000000002b99fbc method=sun.misc.FloatingDecimal.readJavaFormatString(Ljava/lang/String;)Lsun/misc/FloatingDecimal$ASCIIToBinaryConverter; @ 733
Event: 3.151 Thread 0x00000000028b0800 Uncommon trap: reason=unstable_if action=reinterpret pc=0x0000000002c8ecfc method=com.Engine.RenderEngine.Textures.Texture2D.<init>(Ljava/awt/image/BufferedImage;)V @ 79
Event: 3.159 Thread 0x00000000028b0800 Uncommon trap: reason=unstable_if action=reinterpret pc=0x0000000002b9e028 method=sun.misc.FloatingDecimal$ASCIIToBinaryBuffer.floatValue()F @ 95
Event: 3.181 Thread 0x00000000028b0800 Uncommon trap: reason=unstable_if action=reinterpret pc=0x0000000002cf7c10 method=com.Engine.PhysicsEngine.Detection.Octree$Node.removeParentChildDuplicuts(Lcom/Engine/PhysicsEngine/Detection/Octree$Node;)V @ 1
Event: 3.181 Thread 0x00000000028b0800 Uncommon trap: reason=unstable_if action=reinterpret pc=0x0000000002ceab04 method=com.Engine.PhysicsEngine.Detection.Triangle.equals(Ljava/lang/Object;)Z @ 86

Internal exceptions (10 events):
Event: 0.031 Thread 0x00000000028b0800 Exception <a 'java/lang/NoSuchMethodError': Method sun.misc.Unsafe.defineClass(Ljava/lang/String;[BII)Ljava/lang/Class; name or signature does not match> (0x000000076b507c78) thrown at [C:\re\workspace\8-2-build-windows-amd64-cygwin\jdk8u112\7884\hotspot\
Event: 0.031 Thread 0x00000000028b0800 Exception <a 'java/lang/NoSuchMethodError': Method sun.misc.Unsafe.prefetchRead(Ljava/lang/Object;J)V name or signature does not match> (0x000000076b507f60) thrown at [C:\re\workspace\8-2-build-windows-amd64-cygwin\jdk8u112\7884\hotspot\src\share\vm\prims
Event: 1.853 Thread 0x00000000028b0800 Exception <a 'java/security/PrivilegedActionException'> (0x000000076c757ac8) thrown at [C:\re\workspace\8-2-build-windows-amd64-cygwin\jdk8u112\7884\hotspot\src\share\vm\prims\jvm.cpp, line 1390]
Event: 1.853 Thread 0x00000000028b0800 Exception <a 'java/security/PrivilegedActionException'> (0x000000076c757cd8) thrown at [C:\re\workspace\8-2-build-windows-amd64-cygwin\jdk8u112\7884\hotspot\src\share\vm\prims\jvm.cpp, line 1390]
Event: 1.854 Thread 0x00000000028b0800 Exception <a 'java/security/PrivilegedActionException'> (0x000000076c75bc00) thrown at [C:\re\workspace\8-2-build-windows-amd64-cygwin\jdk8u112\7884\hotspot\src\share\vm\prims\jvm.cpp, line 1390]
Event: 1.854 Thread 0x00000000028b0800 Exception <a 'java/security/PrivilegedActionException'> (0x000000076c75be10) thrown at [C:\re\workspace\8-2-build-windows-amd64-cygwin\jdk8u112\7884\hotspot\src\share\vm\prims\jvm.cpp, line 1390]
Event: 1.862 Thread 0x00000000028b0800 Exception <a 'java/io/FileNotFoundException'> (0x000000076c763960) thrown at [C:\re\workspace\8-2-build-windows-amd64-cygwin\jdk8u112\7884\hotspot\src\share\vm\prims\jni.cpp, line 709]
Event: 1.896 Thread 0x00000000028b0800 Exception <a 'java/lang/NoSuchFieldError': method resolution failed> (0x000000076c8309f0) thrown at [C:\re\workspace\8-2-build-windows-amd64-cygwin\jdk8u112\7884\hotspot\src\share\vm\prims\methodHandles.cpp, line 1146]
Event: 1.897 Thread 0x00000000028b0800 Exception <a 'java/lang/NoSuchFieldError': method resolution failed> (0x000000076c83e0e0) thrown at [C:\re\workspace\8-2-build-windows-amd64-cygwin\jdk8u112\7884\hotspot\src\share\vm\prims\methodHandles.cpp, line 1146]
Event: 3.181 Thread 0x00000000028b0800 Implicit null exception at 0x0000000002cf6454 to 0x0000000002cf7bf9

Events (10 events):
Event: 3.181 Thread 0x00000000028b0800 Uncommon trap: trap_request=0xffffff65 fr.pc=0x0000000002cf7c10
Event: 3.181 Thread 0x00000000028b0800 DEOPT PACKING pc=0x0000000002cf7c10 sp=0x000000000287f1b0
Event: 3.181 Thread 0x00000000028b0800 DEOPT UNPACKING pc=0x00000000029f582a sp=0x000000000287f1c8 mode 2
Event: 3.181 Thread 0x00000000028b0800 Uncommon trap: trap_request=0xffffff65 fr.pc=0x0000000002ceab04
Event: 3.181 Thread 0x00000000028b0800 DEOPT PACKING pc=0x0000000002ceab04 sp=0x000000000287f010
Event: 3.181 Thread 0x00000000028b0800 DEOPT UNPACKING pc=0x00000000029f582a sp=0x000000000287efb0 mode 2
Event: 3.185 loading class org/AoT/Sound/SoundMaster
Event: 3.185 loading class org/AoT/Sound/SoundMaster done
Event: 3.185 loading class org/lwjgl/openal/AL10
Event: 3.185 loading class org/lwjgl/openal/AL10 done


Dynamic libraries:
0x00007ff651340000 - 0x00007ff651377000 	C:\Program Files\Java\jre1.8.0 112\bin\javaw.exe
0x00007fff41320000 - 0x00007fff414f1000 	C:\WINDOWS\SYSTEM32\ntdll.dll
0x00007fff3f410000 - 0x00007fff3f4bb000 	C:\WINDOWS\System32\KERNEL32.DLL
0x00007fff3dbd0000 - 0x00007fff3dded000 	C:\WINDOWS\System32\KERNELBASE.dll
0x00007fff41110000 - 0x00007fff411b2000 	C:\WINDOWS\System32\ADVAPI32.dll
0x00007fff3f890000 - 0x00007fff3f92e000 	C:\WINDOWS\System32\msvcrt.dll
0x00007fff3f220000 - 0x00007fff3f279000 	C:\WINDOWS\System32\sechost.dll
0x00007fff3f4c0000 - 0x00007fff3f5e1000 	C:\WINDOWS\System32\RPCRT4.dll
0x00007fff3f930000 - 0x00007fff3fa95000 	C:\WINDOWS\System32\USER32.dll
0x00007fff3dfc0000 - 0x00007fff3dfde000 	C:\WINDOWS\System32\win32u.dll
0x00007fff3f280000 - 0x00007fff3f2b4000 	C:\WINDOWS\System32\GDI32.dll
0x00007fff3e720000 - 0x00007fff3e8a2000 	C:\WINDOWS\System32\gdi32full.dll
0x00007fff2ef10000 - 0x00007fff2f18a000 	C:\WINDOWS\WinSxS\amd64_microsoft.windows.common-controls_6595b64144ccf1df_6.0.14393.953_none_42151e83c686086b\COMCTL32.dll
0x00007fff3eab0000 - 0x00007fff3ed78000 	C:\WINDOWS\System32\combase.dll
0x00007fff3da20000 - 0x00007fff3db15000 	C:\WINDOWS\System32\ucrtbase.dll
0x00007fff3d8c0000 - 0x00007fff3d92a000 	C:\WINDOWS\System32\bcryptPrimitives.dll
0x00007fff3f3e0000 - 0x00007fff3f40e000 	C:\WINDOWS\System32\IMM32.DLL
0x0000000075c30000 - 0x0000000075d02000 	C:\Program Files\Java\jre1.8.0 112\bin\msvcr100.dll
0x0000000075ed0000 - 0x000000007676a000 	C:\Program Files\Java\jre1.8.0 112\bin\server\jvm.dll
0x00007fff3ed80000 - 0x00007fff3ed88000 	C:\WINDOWS\System32\PSAPI.DLL
0x00007fff27110000 - 0x00007fff27119000 	C:\WINDOWS\SYSTEM32\WSOCK32.dll
0x00007fff412b0000 - 0x00007fff4131a000 	C:\WINDOWS\System32\WS2_32.dll
0x00007fff3bc80000 - 0x00007fff3bca3000 	C:\WINDOWS\SYSTEM32\WINMM.dll
0x00007fff35750000 - 0x00007fff3575a000 	C:\WINDOWS\SYSTEM32\VERSION.dll
0x00007fff3bc50000 - 0x00007fff3bc7b000 	C:\WINDOWS\SYSTEM32\WINMMBASE.dll
0x00007fff3d9d0000 - 0x00007fff3da12000 	C:\WINDOWS\System32\cfgmgr32.dll
0x0000000075de0000 - 0x0000000075def000 	C:\Program Files\Java\jre1.8.0 112\bin\verify.dll
0x0000000075db0000 - 0x0000000075dd9000 	C:\Program Files\Java\jre1.8.0 112\bin\java.dll
0x0000000075d90000 - 0x0000000075da6000 	C:\Program Files\Java\jre1.8.0 112\bin\zip.dll
0x00007fff3fb60000 - 0x00007fff41069000 	C:\WINDOWS\System32\SHELL32.dll
0x00007fff3e040000 - 0x00007fff3e71a000 	C:\WINDOWS\System32\windows.storage.dll
0x00007fff3d7b0000 - 0x00007fff3d7fc000 	C:\WINDOWS\System32\powrprof.dll
0x00007fff3ed90000 - 0x00007fff3ede2000 	C:\WINDOWS\System32\shlwapi.dll
0x00007fff3d800000 - 0x00007fff3d80f000 	C:\WINDOWS\System32\kernel.appcore.dll
0x00007fff3db20000 - 0x00007fff3dbc9000 	C:\WINDOWS\System32\shcore.dll
0x00007fff3d790000 - 0x00007fff3d7a4000 	C:\WINDOWS\System32\profapi.dll
0x0000000180000000 - 0x0000000180051000 	C:\Users\samse\git\AoT\Engine\lib\lwjgl-2.9.1\native\windows\lwjgl64.dll
0x00007fff1e290000 - 0x00007fff1e3b3000 	C:\WINDOWS\SYSTEM32\OPENGL32.dll
0x00007fff1e7c0000 - 0x00007fff1e7ed000 	C:\WINDOWS\SYSTEM32\GLU32.dll
0x00007fff1e190000 - 0x00007fff1e287000 	C:\WINDOWS\SYSTEM32\DDRAW.dll
0x00007fff31090000 - 0x00007fff31098000 	C:\WINDOWS\SYSTEM32\DCIMAN32.dll
0x00007fff3bf00000 - 0x00007fff3bf95000 	C:\WINDOWS\system32\uxtheme.dll
0x00007fff3f5f0000 - 0x00007fff3f74a000 	C:\WINDOWS\System32\MSCTF.dll
0x00007fff3faa0000 - 0x00007fff3fb5f000 	C:\WINDOWS\System32\OLEAUT32.dll
0x00007fff3d930000 - 0x00007fff3d9cc000 	C:\WINDOWS\System32\msvcp_win.dll
0x00007fff3b5a0000 - 0x00007fff3b5c6000 	C:\WINDOWS\system32\dwmapi.dll
0x0000000073ae0000 - 0x0000000075c30000 	C:\WINDOWS\SYSTEM32\nvoglv64.DLL
0x00007fff3edf0000 - 0x00007fff3f219000 	C:\WINDOWS\System32\SETUPAPI.dll
0x00007fff3b380000 - 0x00007fff3b393000 	C:\WINDOWS\SYSTEM32\WTSAPI32.dll
0x00007fff3c2f0000 - 0x00007fff3c318000 	C:\WINDOWS\SYSTEM32\DEVOBJ.dll
0x00007fff3dfe0000 - 0x00007fff3e035000 	C:\WINDOWS\System32\WINTRUST.dll
0x00007fff3d780000 - 0x00007fff3d790000 	C:\WINDOWS\System32\MSASN1.dll
0x00007fff3ddf0000 - 0x00007fff3dfb9000 	C:\WINDOWS\System32\CRYPT32.dll
0x00007fff3cb20000 - 0x00007fff3cb52000 	C:\WINDOWS\SYSTEM32\ntmarta.dll
0x00007fff26e00000 - 0x00007fff26e91000 	C:\WINDOWS\SYSTEM32\mscms.dll
0x00007fff3ced0000 - 0x00007fff3ceef000 	C:\WINDOWS\SYSTEM32\USERENV.dll
0x00007fff310c0000 - 0x00007fff31102000 	C:\WINDOWS\SYSTEM32\icm32.dll
0x00007fff3d660000 - 0x00007fff3d6b6000 	C:\WINDOWS\SYSTEM32\WINSTA.dll
0x00007fff3c700000 - 0x00007fff3c79f000 	C:\WINDOWS\system32\dxgi.dll
0x00007fff3a9d0000 - 0x00007fff3ac86000 	C:\WINDOWS\system32\d3d11.dll
0x00007fff0dea0000 - 0x00007fff0f5d2000 	C:\WINDOWS\System32\DriverStore\FileRepository\nvacwu.inf_amd64_31f4ef4821269ebb\nvwgf2umx.dll
0x00007fff3d6c0000 - 0x00007fff3d6eb000 	C:\WINDOWS\SYSTEM32\bcrypt.dll
0x00007fff28250000 - 0x00007fff28421000 	C:\WINDOWS\system32\nvspcap64.dll
0x00007fff3f750000 - 0x00007fff3f887000 	C:\WINDOWS\System32\ole32.dll
0x00007fff34800000 - 0x00007fff348cd000 	C:\WINDOWS\SYSTEM32\WINHTTP.dll
0x00007fff28b40000 - 0x00007fff28f3a000 	C:\WINDOWS\system32\nvapi64.dll
0x0000000073940000 - 0x0000000073ad8000 	C:\Program Files\Java\jre1.8.0 112\bin\awt.dll
0x00007fff3bba0000 - 0x00007fff3bc1a000 	C:\WINDOWS\SYSTEM32\apphelp.dll
0x00007fff3d1f0000 - 0x00007fff3d207000 	C:\WINDOWS\SYSTEM32\CRYPTSP.dll
0x00007fff3cc50000 - 0x00007fff3cc83000 	C:\WINDOWS\system32\rsaenh.dll
0x00007fff3d210000 - 0x00007fff3d21b000 	C:\WINDOWS\SYSTEM32\CRYPTBASE.dll
0x0000000075d70000 - 0x0000000075d8a000 	C:\Program Files\Java\jre1.8.0 112\bin\net.dll
0x00007fff3d050000 - 0x00007fff3d0ac000 	C:\WINDOWS\system32\mswsock.dll
0x00007fff3cdd0000 - 0x00007fff3ce08000 	C:\WINDOWS\SYSTEM32\IPHLPAPI.DLL
0x00007fff3f3d0000 - 0x00007fff3f3d8000 	C:\WINDOWS\System32\NSI.dll
0x00007fff39580000 - 0x00007fff39596000 	C:\WINDOWS\SYSTEM32\dhcpcsvc6.DLL
0x00007fff39820000 - 0x00007fff3983a000 	C:\WINDOWS\SYSTEM32\dhcpcsvc.DLL
0x0000000075d50000 - 0x0000000075d61000 	C:\Program Files\Java\jre1.8.0 112\bin\nio.dll
0x00007fff39950000 - 0x00007fff39ae2000 	C:\WINDOWS\SYSTEM32\dbghelp.dll

VM Arguments:
jvm_args: -Djava.library.path=C:\Users\samse\git\AoT\Engine\lib\lwjgl-2.9.1\native\windows -Dfile.encoding=Cp1252 
java_command: org.AoT.Start.AoT_Launcher
java_class_path (initial): C:\Users\samse\git\AoT\AoT\bin;C:\Users\samse\git\AoT\Engine\bin;C:\Users\samse\git\AoT\Engine\lib\lwjgl-2.9.1\jar\jinput.jar;C:\Users\samse\git\AoT\Engine\lib\lwjgl-2.9.1\jar\lwjgl_util.jar;C:\Users\samse\git\AoT\Engine\lib\lwjgl-2.9.1\jar\lwjgl.jar
Launcher Type: SUN_STANDARD

Environment Variables:
PATH=C:/Program Files/Java/jre1.8.0 112/bin/server;C:/Program Files/Java/jre1.8.0 112/bin;C:/Program Files/Java/jre1.8.0 112/lib/amd64;C:\ProgramData\Oracle\Java\javapath;C:\Program Files (x86)\Intel\iCLS Client\;C:\Program Files\Intel\iCLS Client\;C:\Windows\system32;C:\Windows;C:\Windows\System32\Wbem;C:\Windows\System32\WindowsPowerShell\v1.0\;C:\Program Files (x86)\Intel\Intel(R) Management Engine Components\DAL;C:\Program Files\Intel\Intel(R) Management Engine Components\DAL;C:\Program Files (x86)\Intel\Intel(R) Management Engine Components\IPT;C:\Program Files\Intel\Intel(R) Management Engine Components\IPT;C:\Program Files (x86)\NVIDIA Corporation\PhysX\Common;C:\WINDOWS\system32;C:\WINDOWS;C:\WINDOWS\System32\Wbem;C:\WINDOWS\System32\WindowsPowerShell\v1.0\;C:\Program Files (x86)\Skype\Phone\;C:\Users\samse\AppData\Local\Microsoft\WindowsApps;;C:\Users\samse\Desktop\eclipse;
USERNAME=samse
OS=Windows_NT
PROCESSOR_IDENTIFIER=Intel64 Family 6 Model 78 Stepping 3, GenuineIntel



---------------  S Y S T E M  ---------------

OS: Windows 10.0 , 64 bit Build 14393 (10.0.14393.0)

CPU:total 4 (2 cores per cpu, 2 threads per core) family 6 model 78 stepping 3, cmov, cx8, fxsr, mmx, sse, sse2, sse3, ssse3, sse4.1, sse4.2, popcnt, avx, avx2, aes, clmul, erms, 3dnowpref, lzcnt, ht, tsc, tscinvbit, bmi1, bmi2, adx

Memory: 4k page, physical 16648092k(13133952k free), swap 19138460k(14481252k free)

vm_info: Java HotSpot(TM) 64-Bit Server VM (25.112-b15) for windows-amd64 JRE (1.8.0_112-b15), built on Sep 22 2016 21:31:56 by "java_re" with MS VC++ 10.0 (VS2010)

time: Wed Mar 15 13:20:15 2017
elapsed time: 3 seconds (0d 0h 0m 3s)

